<?xml version="1.0" encoding="UTF-8"?>
<!-- Generated by org.testng.reporters.JUnitReportReporter -->
<testsuite skipped="0" hostname="DESKTOP-FS7JD1M" name="SighUpTS.SighUPTC" tests="1" failures="0" timestamp="22 Feb 2020 12:11:18 GMT" time="21.959" errors="0">
  <testcase name="createNewUser" time="21.959" classname="SighUpTS.SighUPTC"/>
</testsuite> <!-- SighUpTS.SighUPTC -->
